{"uuid":"b6dd1be3-0804-4d95-b151-73b2d562b2e4","historyId":"d8dfd2228385d3e7fad1229695b6c54","fullName":"src/test/resources/AppFeatures/3_Register.feature:64","labels":[{"name":"tag","value":"register"},{"name":"tag","value":"register_07"},{"name":"host","value":"MSI"},{"name":"thread","value":"31076@MSI.main(1)"},{"name":"feature","value":"Validate Register page"},{"name":"story","value":"The user redirected to Homepage with valid details"},{"name":"suite","value":"Validate Register page"},{"name":"testClass","value":"The user redirected to Homepage with valid details"},{"name":"framework","value":"cucumber4jvm"},{"name":"language","value":"java"},{"name":"gherkin_uri","value":"file:///C:/Users/shrav/eclipse-workspace/Dsalgo_cucumber1/src/test/resources/AppFeatures/3_Register.feature"},{"name":"package","value":"src.test.resources.AppFeatures.3_Register_feature.Validate Register page"}],"links":[],"name":"The user redirected to Homepage with valid details","status":"failed","statusDetails":{"known":false,"muted":false,"flaky":false,"message":"Title do not match expected [NumpyNinja] but found [Registration]","trace":"java.lang.AssertionError: Title do not match expected [NumpyNinja] but found [Registration]\r\n\tat org.testng.Assert.fail(Assert.java:111)\r\n\tat org.testng.Assert.failNotEquals(Assert.java:1578)\r\n\tat org.testng.Assert.assertEqualsImpl(Assert.java:150)\r\n\tat org.testng.Assert.assertEquals(Assert.java:132)\r\n\tat org.testng.Assert.assertEquals(Assert.java:656)\r\n\tat stepDefinitions.Registersteps.the_user_should_be_redirected_to_homepage_with_the_message(Registersteps.java:98)\r\n\tat ✽.The user should be redirected to Homepage with the message \"New Account Created. You are logged in as <username>\"(file:///C:/Users/shrav/eclipse-workspace/Dsalgo_cucumber1/src/test/resources/AppFeatures/3_Register.feature:69)\r\n"},"stage":"finished","steps":[{"name":"Given  The user opens Register Page","status":"passed","statusDetails":{"known":false,"muted":false,"flaky":false},"stage":"finished","steps":[],"attachments":[],"parameters":[],"start":1705688447564,"stop":1705688447695},{"name":"When  The user enters a valid \"username\" and \"password\" and \"password confirmation\"","status":"passed","statusDetails":{"known":false,"muted":false,"flaky":false},"stage":"finished","steps":[],"attachments":[{"name":"Data table","source":"fa5da590-8741-429e-ba3a-fad428b36514-attachment.csv","type":"text/tab-separated-values"}],"parameters":[],"start":1705688447695,"stop":1705688450052},{"name":"Then  The user should be redirected to Homepage with the message \"New Account Created. You are logged in as <username>\"","status":"failed","statusDetails":{"known":false,"muted":false,"flaky":false,"message":"Title do not match expected [NumpyNinja] but found [Registration]","trace":"java.lang.AssertionError: Title do not match expected [NumpyNinja] but found [Registration]\r\n\tat org.testng.Assert.fail(Assert.java:111)\r\n\tat org.testng.Assert.failNotEquals(Assert.java:1578)\r\n\tat org.testng.Assert.assertEqualsImpl(Assert.java:150)\r\n\tat org.testng.Assert.assertEquals(Assert.java:132)\r\n\tat org.testng.Assert.assertEquals(Assert.java:656)\r\n\tat stepDefinitions.Registersteps.the_user_should_be_redirected_to_homepage_with_the_message(Registersteps.java:98)\r\n\tat ✽.The user should be redirected to Homepage with the message \"New Account Created. You are logged in as <username>\"(file:///C:/Users/shrav/eclipse-workspace/Dsalgo_cucumber1/src/test/resources/AppFeatures/3_Register.feature:69)\r\n"},"stage":"finished","steps":[],"attachments":[],"parameters":[],"start":1705688450055,"stop":1705688450092}],"attachments":[],"parameters":[],"start":1705688447564,"stop":1705688450267}